<?xml version="1.0" encoding="UTF-8"?>
<!-- Generated by org.testng.reporters.JUnitXMLReporter -->
<testsuite ignored="0" hostname="DESKTOP-MA7R2J8" failures="1" tests="2" name="Run On Chrome" time="18.415" errors="0" timestamp="2023-03-01T00:09:45 ICT">
  <testcase classname="kaopiz.testcases.Exam2" name="testPlaceholder" time="5.243">
    <failure type="java.lang.AssertionError" message="Email placeholder is incorrect! expected [Email] but found [ ]">
      <![CDATA[java.lang.AssertionError: Email placeholder is incorrect! expected [Email] but found [ ]
at kaopiz.actions.pageObjects.LoginPage.verifyPlaceholder(LoginPage.java:52)
at kaopiz.testcases.Exam2.testPlaceholder(Exam2.java:47)
at java.base/java.util.ArrayList.forEach(ArrayList.java:1511)
... Removed 30 stack frames]]>
    </failure>
  </testcase> <!-- testPlaceholder -->
  <testcase classname="kaopiz.testcases.Exam2" name="testLoginSuccess" time="9.773"/>
</testsuite> <!-- Run On Chrome -->
